app/build/outputs/mapping/release/mapping.txt
com.trianguloy.llscript.repository.BootBroadcastReceiver -> com.trianguloy.llscript.repository.BootBroadcastReceiver:
    void <init>() -> <init>
    void onReceive(android.content.Context,android.content.Intent) -> onReceive
com.trianguloy.llscript.repository.Constants -> com.trianguloy.llscript.repository.a:
    java.lang.String[] beginning -> a
    java.lang.String[] scriptSelectors -> b
    java.lang.String[] packages -> c
    java.lang.String installedPackage -> d
    void <clinit>() -> <clinit>
com.trianguloy.llscript.repository.IntentHandle -> com.trianguloy.llscript.repository.IntentHandle:
    void <init>() -> <init>
    void onCreate(android.os.Bundle) -> onCreate
    void openWebViewer() -> a
    void openWebViewer(java.lang.String,boolean) -> a
com.trianguloy.llscript.repository.IntentHandle$1 -> com.trianguloy.llscript.repository.b:
    com.trianguloy.llscript.repository.IntentHandle this$0 -> a
    void <init>(com.trianguloy.llscript.repository.IntentHandle) -> <init>
    void onClose() -> a
com.trianguloy.llscript.repository.RepositoryImporter -> com.trianguloy.llscript.repository.RepositoryImporter:
    void <init>() -> <init>
    void onCreate() -> onCreate
    void setTheme(android.app.Activity,android.content.SharedPreferences) -> a
com.trianguloy.llscript.repository.ScriptImporter -> com.trianguloy.llscript.repository.ScriptImporter:
    void <init>() -> <init>
    int onStartCommand(android.content.Intent,int,int) -> onStartCommand
    android.os.IBinder onBind(android.content.Intent) -> onBind
    void installScript(java.lang.String,java.lang.String,int,android.content.ComponentName,boolean) -> a
    void runScriptInBackground(int,java.lang.String) -> a
    void runScriptInBackground(java.lang.String) -> a
com.trianguloy.llscript.repository.auth.AccountAuthenticator -> com.trianguloy.llscript.repository.auth.a:
    android.content.Context context -> a
    void <init>(android.content.Context) -> <init>
    android.os.Bundle editProperties(android.accounts.AccountAuthenticatorResponse,java.lang.String) -> editProperties
    android.os.Bundle addAccount(android.accounts.AccountAuthenticatorResponse,java.lang.String,java.lang.String,java.lang.String[],android.os.Bundle) -> addAccount
    android.os.Bundle confirmCredentials(android.accounts.AccountAuthenticatorResponse,android.accounts.Account,android.os.Bundle) -> confirmCredentials
    android.os.Bundle getAuthToken(android.accounts.AccountAuthenticatorResponse,android.accounts.Account,java.lang.String,android.os.Bundle) -> getAuthToken
    java.lang.String getAuthTokenLabel(java.lang.String) -> getAuthTokenLabel
    android.os.Bundle updateCredentials(android.accounts.AccountAuthenticatorResponse,android.accounts.Account,java.lang.String,android.os.Bundle) -> updateCredentials
    android.os.Bundle hasFeatures(android.accounts.AccountAuthenticatorResponse,android.accounts.Account,java.lang.String[]) -> hasFeatures
    android.os.Bundle bundleIntent(android.content.Intent) -> a
com.trianguloy.llscript.repository.auth.AuthenticationService -> com.trianguloy.llscript.repository.auth.AuthenticationService:
    void <init>() -> <init>
    android.os.IBinder onBind(android.content.Intent) -> onBind
com.trianguloy.llscript.repository.auth.AuthenticationUtils -> com.trianguloy.llscript.repository.auth.b:
    void findAccount(android.app.Activity,com.trianguloy.llscript.repository.auth.AuthenticationUtils$Listener,boolean) -> a
    void resetPassword(android.content.Context) -> a
    boolean hasPassword(android.content.Context) -> b
    void set(android.content.Context,android.accounts.Account,java.lang.String,java.lang.String,java.lang.String) -> a
...
com.google.common.base.Charsets -> com.google.a.a.a:
    java.nio.charset.Charset US_ASCII -> a
    java.nio.charset.Charset ISO_8859_1 -> b
    java.nio.charset.Charset UTF_8 -> c
    java.nio.charset.Charset UTF_16BE -> d
    java.nio.charset.Charset UTF_16LE -> e
    java.nio.charset.Charset UTF_16 -> f
    void <clinit>() -> <clinit>
com.google.common.base.Function -> com.google.a.a.b:
com.google.common.base.Joiner -> com.google.a.a.c:
    java.lang.String separator -> a
    com.google.common.base.Joiner on(java.lang.String) -> a
    void <init>(java.lang.String) -> <init>
    void <init>(com.google.common.base.Joiner) -> <init>
    com.google.common.base.Joiner useForNull(java.lang.String) -> b
    void <init>(com.google.common.base.Joiner,com.google.common.base.Joiner$1) -> <init>
com.google.common.base.Joiner$1 -> com.google.a.a.d:
    java.lang.String val$nullText -> a
    com.google.common.base.Joiner this$0 -> b
    void <init>(com.google.common.base.Joiner,com.google.common.base.Joiner,java.lang.String) -> <init>
    com.google.common.base.Joiner useForNull(java.lang.String) -> b
com.google.common.base.Preconditions -> com.google.a.a.e:
    void checkArgument(boolean,java.lang.String,java.lang.Object[]) -> a
    void checkState(boolean,java.lang.String,java.lang.Object[]) -> b
    java.lang.Object checkNotNull(java.lang.Object) -> a
    java.lang.String format(java.lang.String,java.lang.Object[]) -> a
com.google.common.reflect.TypeCapture -> com.google.a.b.a:
    void <init>() -> <init>
    java.lang.reflect.Type capture() -> a
com.google.common.reflect.TypeToken -> com.google.a.b.b:
    java.lang.reflect.Type runtimeType -> a
    void <init>() -> <init>
    java.lang.reflect.Type getType() -> b
    boolean equals(java.lang.Object) -> equals
    int hashCode() -> hashCode
    java.lang.String toString() -> toString
com.google.common.reflect.Types -> com.google.a.b.c:
    com.google.common.base.Function TYPE_TO_STRING -> a
    com.google.common.base.Joiner COMMA_JOINER -> b
    java.lang.String toString(java.lang.reflect.Type) -> a
    void <clinit>() -> <clinit>
com.google.common.reflect.Types$1 -> com.google.a.b.d:
    void <init>() -> <init>
com.google.gson.DefaultDateTypeAdapter -> com.google.gson.DefaultDateTypeAdapter:
    java.text.DateFormat enUsFormat -> enUsFormat
    java.text.DateFormat localFormat -> localFormat
    java.text.DateFormat iso8601Format -> iso8601Format
    void <init>() -> <init>
    void <init>(java.lang.String) -> <init>
    void <init>(int) -> <init>
    void <init>(int,int) -> <init>
    void <init>(java.text.DateFormat,java.text.DateFormat) -> <init>
    com.google.gson.JsonElement serialize(java.util.Date,java.lang.reflect.Type,com.google.gson.JsonSerializationContext) -> serialize
    java.util.Date deserialize(com.google.gson.JsonElement,java.lang.reflect.Type,com.google.gson.JsonDeserializationContext) -> deserialize
    java.util.Date deserializeToDate(com.google.gson.JsonElement) -> deserializeToDate
    java.lang.String toString() -> toString
    com.google.gson.JsonElement serialize(java.lang.Object,java.lang.reflect.Type,com.google.gson.JsonSerializationContext) -> serialize
    java.lang.Object deserialize(com.google.gson.JsonElement,java.lang.reflect.Type,com.google.gson.JsonDeserializationContext) -> deserialize
com.google.gson.ExclusionStrategy -> com.google.gson.ExclusionStrategy:
    boolean shouldSkipField(com.google.gson.FieldAttributes) -> shouldSkipField
    boolean shouldSkipClass(java.lang.Class) -> shouldSkipClass